#
# A fatal error has been detected by the Java Runtime Environment:
#
#  SIGSEGV (0xb) at pc=0x0000000000000000, pid=27126, tid=0x00007f85680d7700
#
# JRE version: OpenJDK Runtime Environment (8.0_121-b13) (build 1.8.0_121-8u121-b13-0ubuntu1.16.04.2-b13)
# Java VM: OpenJDK 64-Bit Server VM (25.121-b13 mixed mode linux-amd64 compressed oops)
# Problematic frame:
# C  0x0000000000000000
#
# Failed to write core dump. Core dumps have been disabled. To enable core dumping, try "ulimit -c unlimited" before starting Java again
#
# If you would like to submit a bug report, please visit:
#   http://bugreport.java.com/bugreport/crash.jsp
#

---------------  T H R E A D  ---------------

Current thread is native thread

siginfo: si_signo: 11 (SIGSEGV), si_code: 1 (SEGV_MAPERR), si_addr: 0x0000000000000000

Registers:
RAX=0x00007f85732677c0, RBX=0x0000000000000400, RCX=0x00000000ffffffe0, RDX=0x0000000000001000
RSP=0x00007f85680d6d58, RBP=0x00007f85a4351c30, RSI=0x00007f85a4366dc0, RDI=0x00007f85a4351c30
R8 =0x0000000000237c00, R9 =0x0000000000000001, R10=0x00007f85a4351c54, R11=0x0000000000000000
R12=0x00007f85a4355dc0, R13=0x0000000000012000, R14=0x0000000000001000, R15=0x00007f85680d6f08
RIP=0x0000000000000000, EFLAGS=0x0000000000010246, CSGSFS=0x0000000000000033, ERR=0x0000000000000014
  TRAPNO=0x000000000000000e

Top of Stack: (sp=0x00007f85680d6d58)
0x00007f85680d6d58:   00007f85730304d1 0000000038000000
0x00007f85680d6d68:   0000000000000000 00000000bb800000
0x00007f85680d6d78:   00007f8572bb5cd8 00007f8500000000
0x00007f85680d6d88:   00007f8572965922 0000000000000000
0x00007f85680d6d98:   00007f8588000f30 00007f8584006430
0x00007f85680d6da8:   00007f85ab07d709 0000000000000000
0x00007f85680d6db8:   00007f857295ddab 00007f8588000ef0
0x00007f85680d6dc8:   0000000000000000 0000000000002000
0x00007f85680d6dd8:   0000000000000000 00007f85a434d810
0x00007f85680d6de8:   00007f8572de39fa 5700000000000000
0x00007f85680d6df8:   39ec57c2f844ca00 0000000000000000
0x00007f85680d6e08:   00007f8572de3b04 0000000000000000
0x00007f85680d6e18:   00007f8572965922 0000000000002000
0x00007f85680d6e28:   00007f85a434d700 0000000000002000
0x00007f85680d6e38:   00007f857296e0e2 0000000000002000
0x00007f85680d6e48:   00007f85a4355dc0 00007f85a4355dc0
0x00007f85680d6e58:   0000000000002000 00007f85a434d700
0x00007f85680d6e68:   00007f856c0d9040 00000400680d6f00
0x00007f85680d6e78:   00007f85680d6e90 00007f85680d6eb0
0x00007f85680d6e88:   00007f8572de7a09 00001fa00000037f
0x00007f85680d6e98:   00007f85a434d810 0000000000000000
0x00007f85680d6ea8:   0000000000002000 00007f85a434ae60
0x00007f85680d6eb8:   0000000000000000 00007f85a4351c30
0x00007f85680d6ec8:   0000000000000008 00007f85680d6f08
0x00007f85680d6ed8:   00007f8573046544 0000000000000000
0x00007f85680d6ee8:   00007f85680d6f00 0000000000002000
0x00007f85680d6ef8:   0000000000008000 00007f856c0d9040
0x00007f85680d6f08:   0000000000002000 0000000000000000
0x00007f85680d6f18:   00007f85a43515e0 0000000000000000
0x00007f85680d6f28:   0000000000000000 00007f85ab764c8f
0x00007f85680d6f38:   00007f85680d79c0 0000000000000000
0x00007f85680d6f48:   00007f857303973a 0000000000000000 

Instructions: (pc=0x0000000000000000)
0xffffffffffffffe0:   

Register to memory mapping:

RAX=
[error occurred during error reporting (printing register info), id 0xb]

Stack: [0x00007f8567fd7000,0x00007f85680d8000],  sp=0x00007f85680d6d58,  free space=1023k

---------------  P R O C E S S  ---------------

VM state:at safepoint (shutting down)

VM Mutex/Monitor currently owned by a thread:  ([mutex/lock_event])
[0x00007f85a4008280] Threads_lock - owner thread: 0x00007f85a4070000

Heap:
 def new generation   total 38720K, used 25832K [0x0000000083800000, 0x0000000086200000, 0x00000000ad000000)
  eden space 34432K,  75% used [0x0000000083800000, 0x000000008513a1e0, 0x00000000859a0000)
  from space 4288K,   0% used [0x00000000859a0000, 0x00000000859a0000, 0x0000000085dd0000)
  to   space 4288K,   0% used [0x0000000085dd0000, 0x0000000085dd0000, 0x0000000086200000)
 tenured generation   total 86016K, used 0K [0x00000000ad000000, 0x00000000b2400000, 0x0000000100000000)
   the space 86016K,   0% used [0x00000000ad000000, 0x00000000ad000000, 0x00000000ad000200, 0x00000000b2400000)
 Metaspace       used 9987K, capacity 10187K, committed 10240K, reserved 1058816K
  class space    used 946K, capacity 998K, committed 1024K, reserved 1048576K

Card table byte_map: [0x00007f859485b000,0x00007f8594c40000] byte_map_base: 0x00007f859443f000

Polling page: 0x00007f85ab781000

CodeCache: size=245760Kb used=4070Kb max_used=4070Kb free=241689Kb
 bounds [0x00007f8595000000, 0x00007f8595400000, 0x00007f85a4000000]
 total_blobs=1633 nmethods=1045 adapters=503
 compilation: enabled

Compilation events (10 events):
Event: 16.517 Thread 0x00007f85a40a8000 1039       3       com.sideprojects.megamanxphantomblade.physics.player.PlayerPhysics::applyGravity (29 bytes)
Event: 16.519 Thread 0x00007f85a40a8000 nmethod 1039 0x00007f85953f4590 code [0x00007f85953f4700, 0x00007f85953f48d0]
Event: 16.520 Thread 0x00007f85a40a8000 1040       3       com.sideprojects.megamanxphantomblade.player.Player::update (5 bytes)
Event: 16.525 Thread 0x00007f85a40a8000 nmethod 1040 0x00007f85953f49d0 code [0x00007f85953f4b40, 0x00007f85953f4da0]
Event: 16.527 Thread 0x00007f85a40a8000 1041       3       com.sideprojects.megamanxphantomblade.player.Player::updateAnimation (5 bytes)
Event: 16.528 Thread 0x00007f85a40a8000 nmethod 1041 0x00007f85953f4e90 code [0x00007f85953f5000, 0x00007f85953f5180]
Event: 16.528 Thread 0x00007f85a40a8000 1042       3       com.sideprojects.megamanxphantomblade.player.PlayerBase::updateAnimation (502 bytes)
Event: 16.622 Thread 0x00007f85a40a8000 nmethod 1042 0x00007f85953f5210 code [0x00007f85953f59a0, 0x00007f85953fa380]
Event: 16.622 Thread 0x00007f85a40a8000 1043       3       com.badlogic.gdx.graphics.g2d.Animation::getKeyFrame (125 bytes)
Event: 16.625 Thread 0x00007f85a40a8000 nmethod 1043 0x00007f85953fb7d0 code [0x00007f85953fb980, 0x00007f85953fbea0]

GC Heap History (0 events):
No events

Deoptimization events (3 events):
Event: 1.840 Thread 0x00007f85a43e4800 Uncommon trap: reason=unstable_if action=reinterpret pc=0x00007f85951ba9b4 method=java.lang.String.replace(CC)Ljava/lang/String; @ 26
Event: 9.693 Thread 0x00007f85a43e4800 Uncommon trap: reason=unstable_if action=reinterpret pc=0x00007f859534bcb4 method=com.sideprojects.megamanxphantomblade.map.MapBase.getCollidableBox(II)Lcom/badlogic/gdx/math/Rectangle; @ 1
Event: 17.008 Thread 0x00007f858c001800 Uncommon trap: reason=class_check action=maybe_recompile pc=0x00007f85953d89c4 method=java.util.concurrent.locks.AbstractQueuedSynchronizer.release(I)Z @ 2

Internal exceptions (10 events):
Event: 1.146 Thread 0x00007f85a400c000 Exception <a 'java/security/PrivilegedActionException'> (0x0000000083f14ae0) thrown at [/build/openjdk-8-YiEakL/openjdk-8-8u121-b13/src/hotspot/src/share/vm/prims/jvm.cpp, line 1390]
Event: 1.146 Thread 0x00007f85a400c000 Exception <a 'java/security/PrivilegedActionException'> (0x0000000083f15738) thrown at [/build/openjdk-8-YiEakL/openjdk-8-8u121-b13/src/hotspot/src/share/vm/prims/jvm.cpp, line 1390]
Event: 1.146 Thread 0x00007f85a400c000 Exception <a 'java/security/PrivilegedActionException'> (0x0000000083f16360) thrown at [/build/openjdk-8-YiEakL/openjdk-8-8u121-b13/src/hotspot/src/share/vm/prims/jvm.cpp, line 1390]
Event: 1.151 Thread 0x00007f85a400c000 Exception <a 'java/security/PrivilegedActionException'> (0x0000000083f18788) thrown at [/build/openjdk-8-YiEakL/openjdk-8-8u121-b13/src/hotspot/src/share/vm/prims/jvm.cpp, line 1390]
Event: 1.152 Thread 0x00007f85a400c000 Exception <a 'java/security/PrivilegedActionException'> (0x0000000083f193e0) thrown at [/build/openjdk-8-YiEakL/openjdk-8-8u121-b13/src/hotspot/src/share/vm/prims/jvm.cpp, line 1390]
Event: 1.152 Thread 0x00007f85a400c000 Exception <a 'java/security/PrivilegedActionException'> (0x0000000083f1a008) thrown at [/build/openjdk-8-YiEakL/openjdk-8-8u121-b13/src/hotspot/src/share/vm/prims/jvm.cpp, line 1390]
Event: 1.152 Thread 0x00007f85a400c000 Exception <a 'java/security/PrivilegedActionException'> (0x0000000083f1c150) thrown at [/build/openjdk-8-YiEakL/openjdk-8-8u121-b13/src/hotspot/src/share/vm/prims/jvm.cpp, line 1390]
Event: 1.152 Thread 0x00007f85a400c000 Exception <a 'java/security/PrivilegedActionException'> (0x0000000083f1cda8) thrown at [/build/openjdk-8-YiEakL/openjdk-8-8u121-b13/src/hotspot/src/share/vm/prims/jvm.cpp, line 1390]
Event: 1.152 Thread 0x00007f85a400c000 Exception <a 'java/security/PrivilegedActionException'> (0x0000000083f1d9d0) thrown at [/build/openjdk-8-YiEakL/openjdk-8-8u121-b13/src/hotspot/src/share/vm/prims/jvm.cpp, line 1390]
Event: 1.878 Thread 0x00007f85a43e4800 Exception <a 'java/lang/NoClassDefFoundError': org/lwjgl/opengles/GLContext> (0x000000008432c230) thrown at [/build/openjdk-8-YiEakL/openjdk-8-8u121-b13/src/hotspot/src/share/vm/classfile/systemDictionary.cpp, line 199]

Events (10 events):
Event: 17.004 Executing VM operation: RevokeBias
Event: 17.005 Executing VM operation: RevokeBias done
Event: 17.007 Executing VM operation: RevokeBias
Event: 17.008 Executing VM operation: RevokeBias done
Event: 17.008 Thread 0x00007f858c001800 Uncommon trap: trap_request=0xffffffde fr.pc=0x00007f85953d89c4
Event: 17.008 Thread 0x00007f858c001800 DEOPT PACKING pc=0x00007f85953d89c4 sp=0x00007f8567ed4870
Event: 17.008 Thread 0x00007f858c001800 DEOPT UNPACKING pc=0x00007f8595004f69 sp=0x00007f8567ed4838 mode 2
Event: 17.008 Thread 0x00000000015e4000 Thread exited: 0x00000000015e4000
Event: 17.026 Thread 0x00007f85a40a4000 Thread exited: 0x00007f85a40a4000
Event: 17.026 Executing VM operation: Exit


Dynamic libraries:
00400000-00401000 r-xp 00000000 08:01 657970                             /usr/lib/jvm/java-8-openjdk-amd64/jre/bin/java
00600000-00601000 r--p 00000000 08:01 657970                             /usr/lib/jvm/java-8-openjdk-amd64/jre/bin/java
00601000-00602000 rw-p 00001000 08:01 657970                             /usr/lib/jvm/java-8-openjdk-amd64/jre/bin/java
015cd000-015ee000 rw-p 00000000 00:00 0                                  [heap]
83800000-86200000 rw-p 00000000 00:00 0 
86200000-ad000000 ---p 00000000 00:00 0 
ad000000-b2400000 rw-p 00000000 00:00 0 
b2400000-100000000 ---p 00000000 00:00 0 
100000000-100100000 rw-p 00000000 00:00 0 
100100000-140000000 ---p 00000000 00:00 0 
7f8560428000-7f856042b000 ---p 00000000 00:00 0 
7f856042b000-7f8560529000 rw-p 00000000 00:00 0 
7f8560529000-7f856052c000 ---p 00000000 00:00 0 
7f856052c000-7f856062a000 rw-p 00000000 00:00 0 
7f856062a000-7f856062d000 ---p 00000000 00:00 0 
7f856062d000-7f856072b000 rw-p 00000000 00:00 0 
7f856072b000-7f856082c000 rw-s 112fa6000 00:06 374                       /dev/dri/card0
7f856082c000-7f856092c000 rw-p 00000000 00:00 0 
7f856092c000-7f8560a2c000 ---p 00000000 00:00 0 
7f8560a2c000-7f8560a63000 r-xp 00000000 08:01 145771                     /usr/lib/x86_64-linux-gnu/libtxc_dxtn_s2tc.so.0.0.0
7f8560a63000-7f8560c62000 ---p 00037000 08:01 145771                     /usr/lib/x86_64-linux-gnu/libtxc_dxtn_s2tc.so.0.0.0
7f8560c62000-7f8560c63000 r--p 00036000 08:01 145771                     /usr/lib/x86_64-linux-gnu/libtxc_dxtn_s2tc.so.0.0.0
7f8560c63000-7f8560c64000 rw-p 00037000 08:01 145771                     /usr/lib/x86_64-linux-gnu/libtxc_dxtn_s2tc.so.0.0.0
7f8560c64000-7f8560cd8000 rw-p 00000000 00:00 0 
7f8560d6d000-7f8560d8e000 rw-s 1130af000 00:06 374                       /dev/dri/card0
7f8560d8e000-7f8560daf000 rw-s 112f85000 00:06 374                       /dev/dri/card0
7f8560daf000-7f8561daf000 rw-s 116214000 00:06 374                       /dev/dri/card0
7f8561daf000-7f8561dc2000 r-xp 00000000 08:01 6592                       /lib/x86_64-linux-gnu/libbsd.so.0.8.2
7f8561dc2000-7f8561fc1000 ---p 00013000 08:01 6592                       /lib/x86_64-linux-gnu/libbsd.so.0.8.2
7f8561fc1000-7f8561fc2000 r--p 00012000 08:01 6592                       /lib/x86_64-linux-gnu/libbsd.so.0.8.2
7f8561fc2000-7f8561fc3000 rw-p 00013000 08:01 6592                       /lib/x86_64-linux-gnu/libbsd.so.0.8.2
7f8561fc3000-7f8561fc4000 rw-p 00000000 00:00 0 
7f8561fc4000-7f8561fe9000 r-xp 00000000 08:01 6769                       /lib/x86_64-linux-gnu/libtinfo.so.5.9
7f8561fe9000-7f85621e8000 ---p 00025000 08:01 6769                       /lib/x86_64-linux-gnu/libtinfo.so.5.9
7f85621e8000-7f85621ec000 r--p 00024000 08:01 6769                       /lib/x86_64-linux-gnu/libtinfo.so.5.9
7f85621ec000-7f85621ed000 rw-p 00028000 08:01 6769                       /lib/x86_64-linux-gnu/libtinfo.so.5.9
7f85621ed000-7f856221e000 r-xp 00000000 08:01 144985                     /usr/lib/x86_64-linux-gnu/libedit.so.2.0.53
7f856221e000-7f856241e000 ---p 00031000 08:01 144985                     /usr/lib/x86_64-linux-gnu/libedit.so.2.0.53
7f856241e000-7f8562420000 r--p 00031000 08:01 144985                     /usr/lib/x86_64-linux-gnu/libedit.so.2.0.53
7f8562420000-7f8562421000 rw-p 00033000 08:01 144985                     /usr/lib/x86_64-linux-gnu/libedit.so.2.0.53
7f8562421000-7f8562425000 rw-p 00000000 00:00 0 
7f8562425000-7f856242c000 r-xp 00000000 08:01 145025                     /usr/lib/x86_64-linux-gnu/libffi.so.6.0.4
7f856242c000-7f856262b000 ---p 00007000 08:01 145025                     /usr/lib/x86_64-linux-gnu/libffi.so.6.0.4
7f856262b000-7f856262c000 r--p 00006000 08:01 145025                     /usr/lib/x86_64-linux-gnu/libffi.so.6.0.4
7f856262c000-7f856262d000 rw-p 00007000 08:01 145025                     /usr/lib/x86_64-linux-gnu/libffi.so.6.0.4
7f856262d000-7f8564b1f000 r-xp 00000000 08:01 144659                     /usr/lib/x86_64-linux-gnu/libLLVM-3.8.so.1
7f8564b1f000-7f8564d1f000 ---p 024f2000 08:01 144659                     /usr/lib/x86_64-linux-gnu/libLLVM-3.8.so.1
7f8564d1f000-7f8564fd4000 r--p 024f2000 08:01 144659                     /usr/lib/x86_64-linux-gnu/libLLVM-3.8.so.1
7f8564fd4000-7f8564fd6000 rw-p 027a7000 08:01 144659                     /usr/lib/x86_64-linux-gnu/libLLVM-3.8.so.1
7f8564fd6000-7f8565000000 rw-p 00000000 00:00 0 
7f8565000000-7f8565017000 r-xp 00000000 08:01 144990                     /usr/lib/x86_64-linux-gnu/libelf-0.165.so
7f8565017000-7f8565216000 ---p 00017000 08:01 144990                     /usr/lib/x86_64-linux-gnu/libelf-0.165.so
7f8565216000-7f8565217000 r--p 00016000 08:01 144990                     /usr/lib/x86_64-linux-gnu/libelf-0.165.so
7f8565217000-7f8565218000 rw-p 00017000 08:01 144990                     /usr/lib/x86_64-linux-gnu/libelf-0.165.so
7f8565218000-7f856521f000 r-xp 00000000 08:01 144963                     /usr/lib/x86_64-linux-gnu/libdrm_amdgpu.so.1.0.0
7f856521f000-7f856541e000 ---p 00007000 08:01 144963                     /usr/lib/x86_64-linux-gnu/libdrm_amdgpu.so.1.0.0
7f856541e000-7f856541f000 r--p 00006000 08:01 144963                     /usr/lib/x86_64-linux-gnu/libdrm_amdgpu.so.1.0.0
7f856541f000-7f8565420000 rw-p 00007000 08:01 144963                     /usr/lib/x86_64-linux-gnu/libdrm_amdgpu.so.1.0.0
7f8565420000-7f856542b000 r-xp 00000000 08:01 144969                     /usr/lib/x86_64-linux-gnu/libdrm_radeon.so.1.0.1
7f856542b000-7f856562a000 ---p 0000b000 08:01 144969                     /usr/lib/x86_64-linux-gnu/libdrm_radeon.so.1.0.1
7f856562a000-7f856562b000 r--p 0000a000 08:01 144969                     /usr/lib/x86_64-linux-gnu/libdrm_radeon.so.1.0.1
7f856562b000-7f856562c000 rw-p 0000b000 08:01 144969                     /usr/lib/x86_64-linux-gnu/libdrm_radeon.so.1.0.1
7f856562c000-7f8565633000 r-xp 00000000 08:01 144967                     /usr/lib/x86_64-linux-gnu/libdrm_nouveau.so.2.0.0
7f8565633000-7f8565832000 ---p 00007000 08:01 144967                     /usr/lib/x86_64-linux-gnu/libdrm_nouveau.so.2.0.0
7f8565832000-7f8565833000 r--p 00006000 08:01 144967                     /usr/lib/x86_64-linux-gnu/libdrm_nouveau.so.2.0.0
7f8565833000-7f8565834000 rw-p 00007000 08:01 144967                     /usr/lib/x86_64-linux-gnu/libdrm_nouveau.so.2.0.0
7f8565834000-7f85660fb000 r-xp 00000000 08:01 146332                     /usr/lib/x86_64-linux-gnu/dri/vmwgfx_dri.so
7f85660fb000-7f85662fa000 ---p 008c7000 08:01 146332                     /usr/lib/x86_64-linux-gnu/dri/vmwgfx_dri.so
7f85662fa000-7f856636e000 r--p 008c6000 08:01 146332                     /usr/lib/x86_64-linux-gnu/dri/vmwgfx_dri.so
7f856636e000-7f856637d000 rw-p 0093a000 08:01 146332                     /usr/lib/x86_64-linux-gnu/dri/vmwgfx_dri.so
7f856637d000-7f8566573000 rw-p 00000000 00:00 0 
7f8566573000-7f8566591000 r-xp 00000000 08:01 6451                       /lib/x86_64-linux-gnu/libudev.so.1.6.4
7f8566591000-7f8566592000 r--p 0001d000 08:01 6451                       /lib/x86_64-linux-gnu/libudev.so.1.6.4
7f8566592000-7f8566593000 rw-p 0001e000 08:01 6451                       /lib/x86_64-linux-gnu/libudev.so.1.6.4
7f8566593000-7f85665a1000 r-xp 00000000 08:01 144961                     /usr/lib/x86_64-linux-gnu/libdrm.so.2.4.0
7f85665a1000-7f85667a0000 ---p 0000e000 08:01 144961                     /usr/lib/x86_64-linux-gnu/libdrm.so.2.4.0
7f85667a0000-7f85667a1000 r--p 0000d000 08:01 144961                     /usr/lib/x86_64-linux-gnu/libdrm.so.2.4.0
7f85667a1000-7f85667a2000 rw-p 0000e000 08:01 144961                     /usr/lib/x86_64-linux-gnu/libdrm.so.2.4.0
7f85667a2000-7f85667a6000 r-xp 00000000 08:01 145873                     /usr/lib/x86_64-linux-gnu/libxcb-dri2.so.0.0.0
7f85667a6000-7f85669a5000 ---p 00004000 08:01 145873                     /usr/lib/x86_64-linux-gnu/libxcb-dri2.so.0.0.0
7f85669a5000-7f85669a6000 r--p 00003000 08:01 145873                     /usr/lib/x86_64-linux-gnu/libxcb-dri2.so.0.0.0
7f85669a6000-7f85669a7000 rw-p 00004000 08:01 145873                     /usr/lib/x86_64-linux-gnu/libxcb-dri2.so.0.0.0
7f85669a7000-7f85669be000 r-xp 00000000 08:01 145877                     /usr/lib/x86_64-linux-gnu/libxcb-glx.so.0.0.0
7f85669be000-7f8566bbd000 ---p 00017000 08:01 145877                     /usr/lib/x86_64-linux-gnu/li