#
# A fatal error has been detected by the Java Runtime Environment:
#
#  SIGSEGV (0xb) at pc=0x0000000000000000, pid=28193, tid=0x00007fe06da22700
#
# JRE version: OpenJDK Runtime Environment (8.0_121-b13) (build 1.8.0_121-8u121-b13-0ubuntu1.16.04.2-b13)
# Java VM: OpenJDK 64-Bit Server VM (25.121-b13 mixed mode linux-amd64 compressed oops)
# Problematic frame:
# C  0x0000000000000000
#
# Failed to write core dump. Core dumps have been disabled. To enable core dumping, try "ulimit -c unlimited" before starting Java again
#
# If you would like to submit a bug report, please visit:
#   http://bugreport.java.com/bugreport/crash.jsp
#

---------------  T H R E A D  ---------------

Current thread is native thread

siginfo: si_signo: 11 (SIGSEGV), si_code: 1 (SEGV_MAPERR), si_addr: 0x0000000000000000

Registers:
RAX=0x00007fe078b2d7c0, RBX=0x0000000000000400, RCX=0x00000000ffffffe0, RDX=0x0000000000001000
RSP=0x00007fe06da21d58, RBP=0x00007fe0a83444b0, RSI=0x00007fe0a8359640, RDI=0x00007fe0a83444b0
R8 =0x00000000003c4c00, R9 =0x0000000000000001, R10=0x00007fe0a83444d4, R11=0x0000000000000000
R12=0x00007fe0a8348640, R13=0x0000000000012000, R14=0x0000000000001000, R15=0x00007fe06da21f08
RIP=0x0000000000000000, EFLAGS=0x0000000000010246, CSGSFS=0x0000000000000033, ERR=0x0000000000000014
  TRAPNO=0x000000000000000e

Top of Stack: (sp=0x00007fe06da21d58)
0x00007fe06da21d58:   00007fe0788f64d1 0000000038000000
0x00007fe06da21d68:   0000000000000000 00000000bb800000
0x00007fe06da21d78:   00007fe07847bcd8 00007fe000000000
0x00007fe06da21d88:   00007fe07822b922 0000000000000000
0x00007fe06da21d98:   00007fe090000f30 00007fe08c006430
0x00007fe06da21da8:   00007fe0b0a14709 0000000000000000
0x00007fe06da21db8:   00007fe078223dab 00007fe090000ef0
0x00007fe06da21dc8:   0000000000000000 0000000000002000
0x00007fe06da21dd8:   0000000000000000 00007fe0a8340090
0x00007fe06da21de8:   00007fe0786a99fa 5700000000000000
0x00007fe06da21df8:   ab400096de8c1200 0000000000000000
0x00007fe06da21e08:   00007fe0786a9b04 0000000000000000
0x00007fe06da21e18:   00007fe07822b922 0000000000002000
0x00007fe06da21e28:   00007fe0a833ff80 0000000000002000
0x00007fe06da21e38:   00007fe0782340e2 0000000000002000
0x00007fe06da21e48:   00007fe0a8348640 00007fe0a8348640
0x00007fe06da21e58:   0000000000002000 00007fe0a833ff80
0x00007fe06da21e68:   00007fe071a34040 000004006da21f00
0x00007fe06da21e78:   00007fe06da21e90 00007fe06da21eb0
0x00007fe06da21e88:   00007fe0786ada09 00001fa00000037f
0x00007fe06da21e98:   00007fe0a8340090 0000000000000000
0x00007fe06da21ea8:   0000000000002000 00007fe0a833d700
0x00007fe06da21eb8:   0000000000000000 00007fe0a83444b0
0x00007fe06da21ec8:   0000000000000008 00007fe06da21f08
0x00007fe06da21ed8:   00007fe07890c544 0000000000000000
0x00007fe06da21ee8:   00007fe06da21f00 0000000000002000
0x00007fe06da21ef8:   0000000000008000 00007fe071a34040
0x00007fe06da21f08:   0000000000002000 0000000000000000
0x00007fe06da21f18:   00007fe0a833fc10 0000000000000000
0x00007fe06da21f28:   0000000000000000 00007fe0b10fbc8f
0x00007fe06da21f38:   00007fe06da229c0 0000000000000000
0x00007fe06da21f48:   00007fe0788ff73a 0000000000000000 

Instructions: (pc=0x0000000000000000)
0xffffffffffffffe0:   

Register to memory mapping:

RAX=
[error occurred during error reporting (printing register info), id 0xb]

Stack: [0x00007fe06d922000,0x00007fe06da23000],  sp=0x00007fe06da21d58,  free space=1023k

---------------  P R O C E S S  ---------------

VM state:at safepoint (shutting down)

VM Mutex/Monitor currently owned by a thread:  ([mutex/lock_event])
[0x00007fe0a8008280] Threads_lock - owner thread: 0x00007fe0a8070000

Heap:
 def new generation   total 38720K, used 29110K [0x0000000083800000, 0x0000000086200000, 0x00000000ad000000)
  eden space 34432K,  84% used [0x0000000083800000, 0x000000008546d9e0, 0x00000000859a0000)
  from space 4288K,   0% used [0x00000000859a0000, 0x00000000859a0000, 0x0000000085dd0000)
  to   space 4288K,   0% used [0x0000000085dd0000, 0x0000000085dd0000, 0x0000000086200000)
 tenured generation   total 86016K, used 0K [0x00000000ad000000, 0x00000000b2400000, 0x0000000100000000)
   the space 86016K,   0% used [0x00000000ad000000, 0x00000000ad000000, 0x00000000ad000200, 0x00000000b2400000)
 Metaspace       used 10118K, capacity 10299K, committed 10624K, reserved 1058816K
  class space    used 958K, capacity 1030K, committed 1152K, reserved 1048576K

Card table byte_map: [0x00007fe0ad2d1000,0x00007fe0ad6b6000] byte_map_base: 0x00007fe0aceb5000

Polling page: 0x00007fe0b1118000

CodeCache: size=245760Kb used=4559Kb max_used=4559Kb free=241200Kb
 bounds [0x00007fe099000000, 0x00007fe099480000, 0x00007fe0a8000000]
 total_blobs=1758 nmethods=1169 adapters=504
 compilation: enabled

Compilation events (10 events):
Event: 34.482 Thread 0x00007fe0a80a8000 1165       1       com.sideprojects.megamanxphantomblade.physics.player.movementstates.Jump::canRun (2 bytes)
Event: 34.482 Thread 0x00007fe0a80a8000 nmethod 1165 0x00007fe09946db90 code [0x00007fe09946dce0, 0x00007fe09946ddf0]
Event: 35.065 Thread 0x00007fe0a80a8000 1166       3       com.badlogic.gdx.utils.Pool::reset (17 bytes)
Event: 35.065 Thread 0x00007fe0a80a8000 nmethod 1166 0x00007fe09946d4d0 code [0x00007fe09946d660, 0x00007fe09946dac0]
Event: 35.850 Thread 0x00007fe0a80a6000 1167   !   4       java.io.BufferedReader::readLine (304 bytes)
Event: 35.901 Thread 0x00007fe0a80a6000 nmethod 1167 0x00007fe099475e90 code [0x00007fe099476080, 0x00007fe0994774f0]
Event: 36.605 Thread 0x00007fe0a80a8000 1168       3       java.net.URLStreamHandler::toExternalForm (219 bytes)
Event: 36.606 Thread 0x00007fe0a80a8000 nmethod 1168 0x00007fe099478050 code [0x00007fe0994783c0, 0x00007fe09947b8f8]
Event: 36.613 Thread 0x00007fe0a80a8000 1169       3       java.io.FileInputStream::read (8 bytes)
Event: 36.613 Thread 0x00007fe0a80a8000 nmethod 1169 0x00007fe099475310 code [0x00007fe099475480, 0x00007fe099475600]

GC Heap History (0 events):
No events

Deoptimization events (5 events):
Event: 1.465 Thread 0x00007fe0a83d7000 Uncommon trap: reason=unstable_if action=reinterpret pc=0x00007fe0991b7944 method=java.lang.String.replace(CC)Ljava/lang/String; @ 26
Event: 3.715 Thread 0x00007fe0a83d7000 Uncommon trap: reason=null_check action=make_not_entrant pc=0x00007fe099330988 method=com.badlogic.gdx.utils.ObjectIntMap.get(Ljava/lang/Object;I)I @ 21
Event: 16.000 Thread 0x00007fe0a83d7000 Uncommon trap: reason=unstable_if action=reinterpret pc=0x00007fe099397874 method=com.sideprojects.megamanxphantomblade.map.MapBase.getCollidableBox(II)Lcom/badlogic/gdx/math/Rectangle; @ 1
Event: 20.700 Thread 0x00007fe0a83d7000 Uncommon trap: reason=unstable_if action=reinterpret pc=0x00007fe0994187cc method=com.sideprojects.megamanxphantomblade.physics.PhysicsBase.getMapCollision(Lcom/sideprojects/megamanxphantomblade/MovingObject;FLcom/sideprojects/megamanxphantomblade/map/Map
Event: 31.315 Thread 0x00007fe0a83d7000 Uncommon trap: reason=unstable_if action=reinterpret pc=0x00007fe09939c780 method=com.badlogic.gdx.graphics.g2d.SpriteBatch.flush()V @ 41

Internal exceptions (10 events):
Event: 0.899 Thread 0x00007fe0a800c000 Exception <a 'java/security/PrivilegedActionException'> (0x0000000083f234b0) thrown at [/build/openjdk-8-YiEakL/openjdk-8-8u121-b13/src/hotspot/src/share/vm/prims/jvm.cpp, line 1390]
Event: 0.899 Thread 0x00007fe0a800c000 Exception <a 'java/security/PrivilegedActionException'> (0x0000000083f240d8) thrown at [/build/openjdk-8-YiEakL/openjdk-8-8u121-b13/src/hotspot/src/share/vm/prims/jvm.cpp, line 1390]
Event: 0.904 Thread 0x00007fe0a800c000 Exception <a 'java/security/PrivilegedActionException'> (0x0000000083f26500) thrown at [/build/openjdk-8-YiEakL/openjdk-8-8u121-b13/src/hotspot/src/share/vm/prims/jvm.cpp, line 1390]
Event: 0.904 Thread 0x00007fe0a800c000 Exception <a 'java/security/PrivilegedActionException'> (0x0000000083f27158) thrown at [/build/openjdk-8-YiEakL/openjdk-8-8u121-b13/src/hotspot/src/share/vm/prims/jvm.cpp, line 1390]
Event: 0.904 Thread 0x00007fe0a800c000 Exception <a 'java/security/PrivilegedActionException'> (0x0000000083f27d80) thrown at [/build/openjdk-8-YiEakL/openjdk-8-8u121-b13/src/hotspot/src/share/vm/prims/jvm.cpp, line 1390]
Event: 0.904 Thread 0x00007fe0a800c000 Exception <a 'java/security/PrivilegedActionException'> (0x0000000083f29ec8) thrown at [/build/openjdk-8-YiEakL/openjdk-8-8u121-b13/src/hotspot/src/share/vm/prims/jvm.cpp, line 1390]
Event: 0.904 Thread 0x00007fe0a800c000 Exception <a 'java/security/PrivilegedActionException'> (0x0000000083f2ab20) thrown at [/build/openjdk-8-YiEakL/openjdk-8-8u121-b13/src/hotspot/src/share/vm/prims/jvm.cpp, line 1390]
Event: 0.904 Thread 0x00007fe0a800c000 Exception <a 'java/security/PrivilegedActionException'> (0x0000000083f2b748) thrown at [/build/openjdk-8-YiEakL/openjdk-8-8u121-b13/src/hotspot/src/share/vm/prims/jvm.cpp, line 1390]
Event: 1.490 Thread 0x00007fe0a83d7000 Exception <a 'java/lang/NoClassDefFoundError': org/lwjgl/opengles/GLContext> (0x000000008432ceb0) thrown at [/build/openjdk-8-YiEakL/openjdk-8-8u121-b13/src/hotspot/src/share/vm/classfile/systemDictionary.cpp, line 199]
Event: 3.715 Thread 0x00007fe0a83d7000 Implicit null exception at 0x00007fe09933076c to 0x00007fe099330965

Events (10 events):
Event: 36.602 loading class sun/awt/X11/XMSelectionListener
Event: 36.602 loading class sun/awt/X11/XMSelectionListener done
Event: 36.602 loading class sun/awt/X11/XSystemTrayPeer done
Event: 36.604 Thread 0x0000000000ed5000 Thread added: 0x0000000000ed5000
Event: 36.604 Thread 0x0000000000ed4000 Thread exited: 0x0000000000ed4000
Event: 36.605 loading class org/lwjgl/opengl/LinuxDisplay$2
Event: 36.605 loading class org/lwjgl/opengl/LinuxDisplay$2 done
Event: 36.616 Thread 0x0000000000ed5000 Thread exited: 0x0000000000ed5000
Event: 36.617 Thread 0x00007fe0a80a4000 Thread exited: 0x00007fe0a80a4000
Event: 36.617 Executing VM operation: Exit


Dynamic libraries:
00400000-00401000 r-xp 00000000 08:01 657970                             /usr/lib/jvm/java-8-openjdk-amd64/jre/bin/java
00600000-00601000 r--p 00000000 08:01 657970                             /usr/lib/jvm/java-8-openjdk-amd64/jre/bin/java
00601000-00602000 rw-p 00001000 08:01 657970                             /usr/lib/jvm/java-8-openjdk-amd64/jre/bin/java
00ebd000-00ede000 rw-p 00000000 00:00 0                                  [heap]
83800000-86200000 rw-p 00000000 00:00 0 
86200000-ad000000 ---p 00000000 00:00 0 
ad000000-b2400000 rw-p 00000000 00:00 0 
b2400000-100000000 ---p 00000000 00:00 0 
100000000-100120000 rw-p 00000000 00:00 0 
100120000-140000000 ---p 00000000 00:00 0 
7fe065ccb000-7fe065cce000 ---p 00000000 00:00 0 
7fe065cce000-7fe065dcc000 rw-p 00000000 00:00 0 
7fe065dcc000-7fe065dcf000 ---p 00000000 00:00 0 
7fe065dcf000-7fe065ecd000 rw-p 00000000 00:00 0 
7fe065ecd000-7fe065ed0000 ---p 00000000 00:00 0 
7fe065ed0000-7fe065fce000 rw-p 00000000 00:00 0 
7fe065fce000-7fe0660cf000 rw-s 116709000 00:06 368                       /dev/dri/card0
7fe0660cf000-7fe0661d0000 rw-s 116476000 00:06 368                       /dev/dri/card0
7fe0661d0000-7fe066310000 rw-p 00000000 00:00 0 
7fe066310000-7fe0663d0000 ---p 00000000 00:00 0 
7fe0663d0000-7fe066407000 r-xp 00000000 08:01 145771                     /usr/lib/x86_64-linux-gnu/libtxc_dxtn_s2tc.so.0.0.0
7fe066407000-7fe066606000 ---p 00037000 08:01 145771                     /usr/lib/x86_64-linux-gnu/libtxc_dxtn_s2tc.so.0.0.0
7fe066606000-7fe066607000 r--p 00036000 08:01 145771                     /usr/lib/x86_64-linux-gnu/libtxc_dxtn_s2tc.so.0.0.0
7fe066607000-7fe066608000 rw-p 00037000 08:01 145771                     /usr/lib/x86_64-linux-gnu/libtxc_dxtn_s2tc.so.0.0.0
7fe066608000-7fe06667c000 rw-p 00000000 00:00 0 
7fe0666e0000-7fe066701000 rw-s 11669e000 00:06 368                       /dev/dri/card0
7fe066701000-7fe066711000 rw-s 1165aa000 00:06 368                       /dev/dri/card0
7fe066711000-7fe066732000 rw-s 11657f000 00:06 368                       /dev/dri/card0
7fe066732000-7fe066753000 rw-s 116455000 00:06 368                       /dev/dri/card0
7fe066753000-7fe067753000 rw-s 10d756000 00:06 368                       /dev/dri/card0
7fe067753000-7fe067766000 r-xp 00000000 08:01 6592                       /lib/x86_64-linux-gnu/libbsd.so.0.8.2
7fe067766000-7fe067965000 ---p 00013000 08:01 6592                       /lib/x86_64-linux-gnu/libbsd.so.0.8.2
7fe067965000-7fe067966000 r--p 00012000 08:01 6592                       /lib/x86_64-linux-gnu/libbsd.so.0.8.2
7fe067966000-7fe067967000 rw-p 00013000 08:01 6592                       /lib/x86_64-linux-gnu/libbsd.so.0.8.2
7fe067967000-7fe067968000 rw-p 00000000 00:00 0 
7fe067968000-7fe06798d000 r-xp 00000000 08:01 6769                       /lib/x86_64-linux-gnu/libtinfo.so.5.9
7fe06798d000-7fe067b8c000 ---p 00025000 08:01 6769                       /lib/x86_64-linux-gnu/libtinfo.so.5.9
7fe067b8c000-7fe067b90000 r--p 00024000 08:01 6769                       /lib/x86_64-linux-gnu/libtinfo.so.5.9
7fe067b90000-7fe067b91000 rw-p 00028000 08:01 6769                       /lib/x86_64-linux-gnu/libtinfo.so.5.9
7fe067b91000-7fe067bc2000 r-xp 00000000 08:01 144985                     /usr/lib/x86_64-linux-gnu/libedit.so.2.0.53
7fe067bc2000-7fe067dc2000 ---p 00031000 08:01 144985                     /usr/lib/x86_64-linux-gnu/libedit.so.2.0.53
7fe067dc2000-7fe067dc4000 r--p 00031000 08:01 144985                     /usr/lib/x86_64-linux-gnu/libedit.so.2.0.53
7fe067dc4000-7fe067dc5000 rw-p 00033000 08:01 144985                     /usr/lib/x86_64-linux-gnu/libedit.so.2.0.53
7fe067dc5000-7fe067dc9000 rw-p 00000000 00:00 0 
7fe067dc9000-7fe067dd0000 r-xp 00000000 08:01 145025                     /usr/lib/x86_64-linux-gnu/libffi.so.6.0.4
7fe067dd0000-7fe067fcf000 ---p 00007000 08:01 145025                     /usr/lib/x86_64-linux-gnu/libffi.so.6.0.4
7fe067fcf000-7fe067fd0000 r--p 00006000 08:01 145025                     /usr/lib/x86_64-linux-gnu/libffi.so.6.0.4
7fe067fd0000-7fe067fd1000 rw-p 00007000 08:01 145025                     /usr/lib/x86_64-linux-gnu/libffi.so.6.0.4
7fe067fd1000-7fe06a4c3000 r-xp 00000000 08:01 144659                     /usr/lib/x86_64-linux-gnu/libLLVM-3.8.so.1
7fe06a4c3000-7fe06a6c3000 ---p 024f2000 08:01 144659                     /usr/lib/x86_64-linux-gnu/libLLVM-3.8.so.1
7fe06a6c3000-7fe06a978000 r--p 024f2000 08:01 144659                     /usr/lib/x86_64-linux-gnu/libLLVM-3.8.so.1
7fe06a978000-7fe06a97a000 rw-p 027a7000 08:01 144659                     /usr/lib/x86_64-linux-gnu/libLLVM-3.8.so.1
7fe06a97a000-7fe06a9a4000 rw-p 00000000 00:00 0 
7fe06a9a4000-7fe06a9bb000 r-xp 00000000 08:01 144990                     /usr/lib/x86_64-linux-gnu/libelf-0.165.so
7fe06a9bb000-7fe06abba000 ---p 00017000 08:01 144990                     /usr/lib/x86_64-linux-gnu/libelf-0.165.so
7fe06abba000-7fe06abbb000 r--p 00016000 08:01 144990                     /usr/lib/x86_64-linux-gnu/libelf-0.165.so
7fe06abbb000-7fe06abbc000 rw-p 00017000 08:01 144990                     /usr/lib/x86_64-linux-gnu/libelf-0.165.so
7fe06abbc000-7fe06abc3000 r-xp 00000000 08:01 144963                     /usr/lib/x86_64-linux-gnu/libdrm_amdgpu.so.1.0.0
7fe06abc3000-7fe06adc2000 ---p 00007000 08:01 144963                     /usr/lib/x86_64-linux-gnu/libdrm_amdgpu.so.1.0.0
7fe06adc2000-7fe06adc3000 r--p 00006000 08:01 144963                     /usr/lib/x86_64-linux-gnu/libdrm_amdgpu.so.1.0.0
7fe06adc3000-7fe06adc4000 rw-p 00007000 08:01 144963                     /usr/lib/x86_64-linux-gnu/libdrm_amdgpu.so.1.0.0
7fe06adc4000-7fe06adcf000 r-xp 00000000 08:01 144969                     /usr/lib/x86_64-linux-gnu/libdrm_radeon.so.1.0.1
7fe06adcf000-7fe06afce000 ---p 0000b000 08:01 144969                     /usr/lib/x86_64-linux-gnu/libdrm_radeon.so.1.0.1
7fe06afce000-7fe06afcf000 r--p 0000a000 08:01 144969                     /usr/lib/x86_64-linux-gnu/libdrm_radeon.so.1.0.1
7fe06afcf000-7fe06afd0000 rw-p 0000b000 08:01 144969                     /usr/lib/x86_64-linux-gnu/libdrm_radeon.so.1.0.1
7fe06afd0000-7fe06afd7000 r-xp 00000000 08:01 144967                     /usr/lib/x86_64-linux-gnu/libdrm_nouveau.so.2.0.0
7fe06afd7000-7fe06b1d6000 ---p 00007000 08:01 144967                     /usr/lib/x86_64-linux-gnu/libdrm_nouveau.so.2.0.0
7fe06b1d6000-7fe06b1d7000 r--p 00006000 08:01 144967                     /usr/lib/x86_64-linux-gnu/libdrm_nouveau.so.2.0.0
7fe06b1d7000-7fe06b1d8000 rw-p 00007000 08:01 144967                     /usr/lib/x86_64-linux-gnu/libdrm_nouveau.so.2.0.0
7fe06b1d8000-7fe06ba9f000 r-xp 00000000 08:01 146332                     /usr/lib/x86_64-linux-gnu/dri/vmwgfx_dri.so
7fe06ba9f000-7fe06bc9e000 ---p 008c7000 08:01 146332                     /usr/lib/x86_64-linux-gnu/dri/vmwgfx_dri.so
7fe06bc9e000-7fe06bd12000 r--p 008c6000 08:01 146332                     /usr/lib/x86_64-linux-gnu/dri/vmwgfx_dri.so
7fe06bd12000-7fe06bd21000 rw-p 0093a000 08:01 146332                     /usr/lib/x86_64-linux-gnu/dri/vmwgfx_dri.so
7fe06bd21000-7fe06bf17000 rw-p 00000000 00:00 0 
7fe06bf17000-7fe06bf25000 r-xp 00000000 08:01 144961                     /usr/lib/x86_64-linux-gnu/libdrm.so.2.4.0
7fe06bf25000-7fe06c124000 ---p 0000e000 08:01 144961                     /usr/lib/x86_64-linux-gnu/libdrm.so.2.4.0
7fe06c124000-7fe06c125000 r--p 0000d000 08:01 144961                     /usr/lib/x86_64-linux-gnu/libdrm.so.2.4.0
7fe06c125000-7fe06c126000 rw-p 0000e000 08:01 144961                     /usr/lib/x86_64-linux-gnu/libdrm.so.2.4.0
7fe06c126000-7fe06c12a000 r-xp 00000000 08:01 145873                     /usr/lib/x86_64-linux-gnu/libxcb-dri2.so.0.0.0
7fe06c12a000-7fe06c329000 ---p 00004000 08:01 145873                     /usr/lib/x86_64-linux-gnu/libxcb-dri2.so.0.0.0
7fe06c329000-7fe06c32a000 r--p 00003000 08:01 145873                     /usr/lib/x86_64-linux-gnu/libxcb-dri2.so.0.0.0
7fe06c32a000-7fe06c32b000 rw-p 00004000 08:01 145873                     /usr/lib/x86_64-linux-gnu/libxcb-dri2.so.0.0.0
7fe06c32b000-7fe06c342000 r-xp 00000000 08:01 145877                     /usr/lib/x86_64-linux-gnu/libxcb-glx.so.0.0.0
7fe06c342000-7fe06c541000 ---p 00017000 08:01 145877                     /usr/lib/x86_64-linux-gnu/libxcb-glx.so.0.0.0
7fe06c541000-7fe06c543000 r--p 00016000 08:01 145877                     /usr/lib/x86_64-linux-gnu/libxcb-glx.so.0.0.0
7fe06c543000-7fe06c544000 rw-p 00018000 08:01 145877                     /usr/lib/x86_64-linux-gnu/libxcb-glx.so.0.0.0
7fe06c544000-7fe06c545000 r-xp 00000000 08:01 144667                     /usr/lib/x86_64-linux-gnu/libX11-xcb.so.1.0.0
7fe06c545000-7fe06c744000 ---p 00001000 08:01 144667                     /usr/lib/x86_64-linux-gnu/libX11-xcb.so.1.0.0
7fe06c744000-7fe06c745000 r--p 00000000 08:01 144667                     /usr/lib/x86_64-linux-gnu/libX11-xcb.so.1.0.0
7fe06c745000-7fe06c746000 rw-p 00001000 08:01 144667                     /usr/lib/x86_64-linux-gnu/libX11-xcb.so.1.0.0
7fe06c746000-7fe06c748000 r-xp 00000000 08:01 144682                     /usr/lib/x86_64-linux-gnu/libXdamage.so.1.1.0
7fe06c748000-7fe06c947000 ---p 00002000 08:01 144682                     /usr/lib/x86_64-linux-gnu/libXdamage.so.1.1.0
7fe06c947000-7fe06c948000 r--p 00001000 08:01 144682                     /usr/lib/x86_64-linux-gnu/libXdamage.so.1.1.0
7fe06c948000-7fe06c949000 rw-p 00002000 08:01 144682                     /usr/lib/x86_64-linux-gnu/libXdamage.so.1.1.0
7fe06c949000-7fe06c972000 r-xp 00000000 08:01 145138                     /usr/lib/x86_64-linux-gnu/libglapi.so.0.0.0
7fe06c972000-7fe06cb71000 ---p 00029000 08:01 145138                     /usr/lib/x86_64-linux-gnu/libglapi.so.0.0.0
7fe06cb71000-7fe06cb75000 r--p 00028000 08:01 145138                     /usr/lib/x86_64-linux-gnu/libglapi.so.0.0.0
7fe06cb75000-7fe06cb76000 rw-p 0002c000 08:01 145138                     /usr/lib/x86_64-linux-gnu/libglapi.so.0.0.0
7fe06cb76000-7fe06cb77000 rw-p 00000000 00:00 0 
7fe06cb77000-7fe06cb78000 r-xp 00000000 08:01 145924                     /usr/lib/x86_64-linux-gnu/libxshmfence.so.1.0.0
7fe06cb78000-7fe06cd78000 ---p 00001000 08:01 145924                     /usr/lib/x86_64-linux-gnu/libxshmfence.so.1.0.0
7fe06cd78000-7fe06cd79000 r--p 00001000 08:01 145924                     /usr/lib/x86_64-linux-gnu/libxshmfence.so.1.0.0
7fe06cd79000-7fe06cd7a000 rw-p 00002000 08:01 145924                     /usr/lib/x86_64-linux-gnu/libxshmfence.so.1.0.0
7fe06cd7a000-7fe06cd7f000 r-xp 00000000 08:01 145887                     /usr/lib/x86_64-linux-gnu/libxcb-sync.so.1.0.0
7fe06cd7f000-7fe06cf7f000 ---p 00005000 08:01 145887                     /usr/lib/x86_64-linux-gnu/libxcb-sync.so.1.0.0
7fe06cf7f000-7fe06cf80000 r--p 00005000 08:01 145887                     /usr/lib/x86_64-linux-gnu/libxcb-sync.so.1.0.0
7fe06cf80000-7fe06cf81000 rw-p 00006000 08:01 145887                     /usr/lib/x86_64-linux-gnu/libxcb-sync.so.1.0.0
7fe06cf81000-7fe06cf83000 r-xp 00000000 08:01 145879                     /usr/lib/x86_64-linux-gnu/libxcb-present.so.0.0.0
7fe06cf83000-7fe06d182000 ---p 00002000 08:01 145879                     /usr/lib/x86_64-linux-gnu/libxcb-present.so.0.0.0
7fe06d182000-7fe06d183000 r--p 00001000 08:01 145879                     /usr/lib/x86_64-linux-gnu/libxcb-present.so.0.0.0
7fe06d183000-7fe06d184000 rw-p 00002000 08:01 145879                     /usr/lib/x86_64-linux-gnu/libxcb-present.so.0.0.0
7fe06d184000-7fe06d186000 r-xp 00000000 08:01 145875                     /usr/lib/x86_64-linux-gnu/libxcb-dri3.so.0.0.0
7fe06d186000-7fe06d385000 ---p 00002000 08:01 145875                     /usr/lib/x86_64-linux-gnu/libxcb-dri3.so.0.0.0
7fe06d385000-7fe06d386000 r--p 00001000 08:01 145875                     /usr/lib/x86_64-linux-gnu/libxcb-dri3.so.0.0.0
7fe06d386000-7fe06d387000 rw-p 00002000 08:01 145875                     /usr/lib/x86_64-linux-gnu/libxcb-dri3.so.0.0.0
7fe06d387000-7fe06d3ad000 r-xp 00000000 08:01 6492                       /lib/x86_64-linux-gnu/libexpat.so.1.6.0
7fe06d3ad000-7fe06d5ad000 ---p 00026000 08:01 6492                       /lib/x86_64-linux-gnu/libexpat.so.1.6.0
7fe06d5ad000-7fe06d5af000 r--p 00026000 08:01 6492                       /lib/x86_64-linux-gnu/libexpat.so.1.6.0
7fe06d5af000-7fe06d5b0000 rw-p 00028000 08:01 6492                       /lib/x86_64-linux-gnu/libexpat.so.1.6.0
7fe06d5b0000-7fe06d61d000 r-xp 00000000 08:01 147262                     /usr/lib/x86_64-linux-gnu/mesa/libGL.so.1.2.0
7fe06d61d000-7fe06d81c000 ---p 0006d000 08:01 147262                     /usr/lib/x86_64-linux-gnu/mesa/libGL.so.1.2.0
7fe06d81c000-7fe06d81f000 r--p 0006c000 08:01 147262                     /usr/lib/x86_64-linux-gnu/mesa/libGL.so.1.2.0
7fe06d81f000-7fe06d820000 rw-p 0006f000 08:01 147262                     /usr/lib/x86_64-linux-gnu/mesa/libGL.so.1.2.0
7fe06d820000-7fe06d821000 rw-p 00000000 00:00 0 
7fe06d821000-7fe06d824000 ---p 00000000 00:00 0 
7fe06d824000-7fe06d922000 rw-p 00000000 00:00 0 
7fe06d922000-7fe06d923000 ---p 00000000 00:00 0 
7fe06d923000-7fe06da23000 rw-p 00000000 00:00 0 
7fe06da23000-7fe071a24000 rw-s 00000000 00:15 6                          /dev/shm/pulse-shm-971615574
7fe071a24000-7fe075a25000 rw-s 00000000 00:15 8                          /dev/shm/pulse-shm-4087683649
7fe075a25000-7fe075a26000 ---p 00000000 00:00 0 
7fe075a26000-7fe076226000 rw-p 00000000 00:00 0 
7fe076226000-7fe076250000 r-xp 00000000 08:01 145816                     /usr/lib/x86_64-linux-gnu/libvorbis.so.0.4.8
7fe076250000-7fe076450000 ---p 0002a000 08:01 145816                     /usr/lib/x86_64-linux-gnu/libvorbis.so.0.4.8
7fe076450000-7fe076451000 r--p 0002a000 08:01 145816                     /usr/lib/x86_64-linux-gnu/libvorbis.so.0.4.8
7fe076451000-7fe076452000 rw-p 0002b000 08:01 145816                     /usr/lib/x86_64-linux-gnu/libvorbis.so.0.4.8
7fe076452000-7fe076459000 r-xp 00000000 08:01 145500                     /usr/lib/x86_64-linux-gnu/libogg.so.0.8.2
7fe076459000-7fe076659000 ---p 00007000 08:01 145500                     /usr/lib/x86_64-linux-gnu/libogg.so.0.8.2
7fe076659000-7fe07665a000 r--p 00007000 08:01 145500                     /usr/lib/x86_64-linux-gnu/libogg.so.0.8.2
7fe07665a000-7fe07665b000 rw-p 00008000 08:01 145500                     /usr/lib/x86_64-linux-gnu/libogg.so.0.8.2
7fe07665b000-7fe07666d000 r-xp 00000000 08:01 6640                       /lib/x86_64-linux-gnu/libgpg-error.so.0.17.0
7fe07666d000-7fe07686d000 ---p 00012000 08:01 6640                       /lib/x86_64-linux-gnu/libgpg-error.so.0.17.0
7fe07686d000-7fe07686e000 r--p 00012000 08:01 6640                       /lib/x86_64-linux-gnu/libgpg-error.so.0.17.0
7fe07686e000-7fe07686f000 rw-p 00013000 08:01 6640                       /lib/x86_64-linux-gnu/libgpg-error.so.0.17.0
7fe07686f000-7fe0768dd000 r-xp 00000000 08:01 6725                       /lib/x86_64-linux-gnu/libpcre.so.3.13.2
7fe0768dd000-7fe076add000 ---p 0006e000 08:01 6725                       /lib/x86_64-linux-gnu/libpcre.so.3.13.2
7fe076add000-7fe076ade000 r--p 0006e000 08:01 6725                       /lib/x86_64-linux-gnu/libpcre.so.3.13.2
7fe076ade000-7fe076adf000 rw-p 0006f000 08:01 6725                       /lib/x86_64-linux-gnu/libpcre.so.3.13.2
7fe076adf000-7fe076af6000 r-xp 00000000 08:01 7436                       /lib/x86_64-linux-gnu/libresolv-2.23.so
7fe076af6000-7fe076cf6000 ---p 00017000 08:01 7436                       /lib/x86_64-linux-gnu/libresolv-2.23.so
7fe076cf6000-7fe076cf7000 r--p 00017000 08:01 7436                       /lib/x86_64-linux-gnu/libresolv-2.23.so
7fe076cf7000-7fe076cf8000 rw-p 00018000 08:01 7436                       /lib/x86_64-linux-gnu/libresolv-2.23.so
7fe076cf8000-7fe076cfa000 rw-p 00000000 00:00 0 
7fe076cfa000-7fe076d87000 r-xp 00000000 08:01 145818                     /usr/lib/x86_64-linux-gnu/libvorbisenc.so.2.0.11
7fe076d87000-7fe076f86000 ---p 0008d000 08:01 145818                     /usr/lib/x86_64-linux-gnu/libvorbisenc.so.2.0.11
7fe076f86000-7fe076fa2000 r--p 0008c000 08:01 145818                     /usr/lib/x86_64-linux-gnu/libvorbisenc.so.2.0.11
7fe076fa2000-7fe076fa3000 rw-p 000a8000 08:01 145818                     /usr/lib/x86_64-linux-gnu/libvorbisenc.so.2.0.11
7fe076fa3000-7fe077016000 r-xp 00000000 08:01 144631                     /usr/lib/x86_64-linux-gnu/libFLAC.so.8.3.0
7fe077016000-7fe077216000 ---p 00073000 08:01 144631                     /usr/lib/x86_64-linux-gnu/libFLAC.so.8.3.0
7fe077216000-7fe077217000 r--p 00073000 08:01 144631                     /usr/lib/x86_64-linux-gnu/libFLAC.so.8.3.0
7fe077217000-7fe077218000 rw-p 00074000 08:01 144631                     /usr/lib/x86_64-linux-gnu/libFLAC.so.8.3.0
7fe077218000-7fe0772f0000 r-xp 00000000 08:01 10461                      /lib/x86_64-linux-gnu/libgcrypt.so.20.0.5
7fe0772f0000-7fe0774ef000 ---p 000d8000 08:01 10461                      /lib/x86_64-linux-gnu/libgcrypt.so.20.0.5
7fe0774ef000-7fe0774f0000 r--p 000d7000 08:01 10461                      /lib/x86_64-linux-gnu/libgcrypt.so.20.0.5
7fe0774f0000-7fe0774f8000 rw-p 000d8000 08:01 10461                      /lib/x86_64-linux-gnu/libgcrypt.so.20.0.5
7fe0774f8000-7fe0774f9000 rw-p 00000000 00:00 0 
7fe0774f9000-7fe07751a000 r-xp 00000000 08:01 6663                       /lib/x86_64-linux-gnu/liblzma.so.5.0.0
7fe07751a000-7fe077719000 ---p 00021000 08:01 6663                       /lib/x86_64-linux-gnu/liblzma.so.5.0.0
7fe077719000-7fe07771a000 r--p 00020000 08:01 6663                       /lib/x86_64-linux-gnu/liblzma.so.5.0.0
7fe07771a000-7fe07771b000 rw-p 00021000 08:01 6663                       /lib/x86_64-linux-gnu/liblzma.so.5.0.0
7fe07771b000-7fe07773a000 r-xp 00000000 08:01 6754                       /lib/x86_64-linux-gnu/libselinux.so.1
7fe07773a000-7fe077939000 ---p 0001f000 08:01 6754                       /lib/x86_64-linux-gnu/libselinux.so.1
7fe077939000-7fe07793a000 r--p 0001e000 08:01 6754                       /lib/x86_64-linux-gnu/libselinux.so.1
7fe07793a000-7fe07793b000 rw-p 0001f000 08:01 6754                       /lib/x86_64-linux-gnu/libselinux.so.1
7fe07793b000-7fe07793d000 rw-p 00000000 00:00 0 
7fe07793d000-7fe077942000 r-xp 00000000 08:01 144768                     /usr/lib/x86_64-linux-gnu/libasyncns.so.0.3.1
7fe077942000-7fe077b41000 ---p 00005000 08:01 144768                     /usr/lib/x86_64-linux-gnu/libasyncns.so.0.3.1
7fe077b41000-7fe077b42000 r--p 00004000 08:01 144768                     /usr/lib/x86_64-linux-gnu/libasyncns.so.0.3.1
7fe077b42000-7fe077b43000 rw-p 00005000 08:01 144768                     /usr/lib/x86_64-linux-gnu/libasyncns.so.0.3.1
7fe077b43000-7fe077ba5000 r-xp 00000000 08:01 145687                     /usr/lib/x86_64-linux-gnu/libsndfile.so.1.0.25
7fe077ba5000-7fe077da5000 ---p 00062000 08:01 145687                     /usr/lib/x86_64-linux-gnu/libsndfile.so.1.0.25
7fe077da5000-7fe077da7000 r--p 00062000 08:01 145687                     /usr/lib/x86_64-linux-gnu/libsndfile.so.1.0.25
7fe077da7000-7fe077da8000 rw-p 00064000 08:01 145687                     /usr/lib/x86_64-linux-gnu/libsndfile.so.1.0.25
7fe077da8000-7fe077dac000 rw-p 00000000 00:00 0 
7fe077dac000-7fe077db4000 r-xp 00000000 08:01 6783                       /lib/x86_64-linux-gnu/libwrap.so.0.7.6
7fe077db4000-7fe077fb3000 ---p 00008000 08:01 6783                       /lib/x86_64-linux-gnu/libwrap.so.0.7.6
7fe077fb3000-7fe077fb4000 r--p 00007000 08:01 6783                       /lib/x86_64-linux-gnu/libwrap.so.0.7.6
7fe077fb4000-7fe077fb5000 rw-p 00008000 08:01 6783                       /lib/x86_64-linux-gnu/libwrap.so.0.7.6
7fe077fb5000-7fe077fb6000 rw-p 00000000 00:00 0 
7fe077fb6000-7fe078000000 r-xp 00000000 08:01 6481                       /lib/x86_64-linux-gnu/libdbus-1.so.3.14.6
7fe078000000-7fe078200000 ---p 0004a000 08:01 6481                       /lib/x86_64-linux-gnu/libdbus-1.so.3.14.6
7fe078200000-7fe078201000 r--p 0004a000 08:01 6481                       /lib/x86_64-linux-gnu/libdbus-1.so.3.14.6
7fe078201000-7fe078202000 rw-p 0004b000 08:01 6481                       /lib/x86_64-linux-gnu/libdbus-1.so.3.14.6
7fe078202000-7fe07827b000 r-xp 00000000 08:01 148064                     /usr/lib/x86_64-linux-gnu/pulseaudio/libpulsecommon-8.0.so
7fe07827b000-7fe07847a000 ---p 00079000 08:01 148064                     /usr/lib/x86_64-linux-gnu/pulseaudio/libpulsecommon-8.0.so
7fe07847a000-7fe07847b000 r--p 00078000 08:01 148064                     /usr/lib/x86_64-linux-gnu/pulseaudio/libpulsecommon-8.0.so
7fe07847b000-7fe07847c000 rw-p 00079000 08:01 148064                     /usr/lib/x86_64-linux-gnu/pulseaudio/libpulsecommon-8.0.so
7fe07847c000-7fe078486000 r-xp 00000000 08:01 6655                       /lib/x86_64-linux-gnu/libjson-c.so.2.0.0
7fe078486000-7fe078685000 ---p 0000a000 08:01 6655                       /lib/x86_64-linux-gnu/libjson-c.so.2.0.0
7fe078685000-7fe078686000 r--p 00009000 08:01 6655                       /lib/x86_64-linux-gnu/libjson-c.so.2.0.0
7fe078686000-7fe078687000 rw-p 0000a000 08:01 6655                       /lib/x86_64-linux-gnu/libjson-c.so.2.0.0
7fe078687000-7fe0786d5000 r-xp 00000000 08:01 145591                     /usr/lib/x86_64-linux-gnu/libpulse.so.0.19.0
7fe0786d5000-7fe0788d4000 ---p 0004e000 08:01 145591                     /usr/lib/x86_64-linux-gnu/libpulse.so.0.19.0
7fe0788d4000-7fe0788d5000 r--p 0004d000 08:01 145591                     /usr/lib/x86_64-linux-gnu/libpulse.so.0.19.0
7fe0788d5000-7fe0788d6000 rw-p 0004e000 08:01 145591                     /usr/lib/x86_64-linux-gnu/libpulse.so.0.19.0
7fe0788d6000-7fe07892b000 r-xp 00000000 08:01 657697                     /tmp/libgdxbuivuhoang/31ce78a2/libopenal64.so
7fe07892b000-7fe078b2a000 ---p 00055000 08:01 657697                     /tmp/libgdxbuivuhoang/31ce78a2/libopenal64.so
7fe078b2a000-7fe078b2d000 r--p 00054000 08:01 657697                     /tmp/libgdxbuivuhoang/31ce78a2/libopenal64.so
7fe078b2d000-7fe078b2e000 rw-p 00057000 08:01 657697                     /tmp/libgdxbuivuhoang/31ce78a2/libopenal64.so
7fe078b2e000-7fe078b2f000 rw-p 00000000 00:00 0 
7fe078b2f000-7fe078b34000 r-xp 00000000 08:01 144722                     /usr/lib/x86_64-linux-gnu/libXxf86vm.so.1.0.0
7fe078b34000-7fe078d33000 ---p 00005000 08:01 144722                     /usr/lib/x86_64-linux-gnu/libXxf86vm.so.1.0.0
7fe078d33000-7fe078d34000 r--p 00004000 08:01 144722                     /usr/lib/x86_64-linux-gnu/libXxf86vm.so.1.0.0
7fe078d34000-7fe078d35000 rw-p 00005000 08:01 144722                     /usr/lib/x86_64-linux-gnu/libXxf86vm.so.1.0.0
7fe078d35000-7fe078d3f000 r-xp 00000000 08:01 144704                     /usr/lib/x86_64-linux-gnu/libXrandr.so.2.2.0
7fe078d3f000-7fe078f3e000 ---p 0000a000 08:01 144704                     /usr/lib/x86_64-linux-gnu/libXrandr.so.2.2.0
7fe078f3e000-7fe078f3f000 r--p 00009000 08:01 144704                     /usr/lib/x86_64-linux-gnu/libXrandr.so.2.2.0
7fe078f3f000-7fe078f40000 rw-p 0000a000 08:01 144704                     /usr/lib/x86_64-linux-gnu/libXrandr.so.2.2.0
7fe078f40000-7fe078fb0000 r-xp 00000000 08:01 657696                     /tmp/libgdxbuivuhoang/31ce78a2/liblwjgl64.so
7fe078fb0000-7fe0791b0000 ---p 00070000 08:01 657696                     /tmp/libgdxbuivuhoang/31ce78a2/liblwjgl64.so
7fe0791b0000-7fe0791b2000 r--p 00070000 08:01 657696                     /tmp/libgdxbuivuhoang/31ce78a2/liblwjgl64.so
7fe0791b2000-7fe0791b3000 rw-p 00072000 08:01 657696                     /tmp/libgdxbuivuhoang/31ce78a2/liblwjgl64.so
7fe0791b3000-7fe0791b4000 r-xp 00000000 08:01 657918                     /usr/lib/jvm/java-8-openjdk-amd64/jre/lib/amd64/libjawt.so
7fe0791b4000-7fe0793b3000 ---p 00001000 08:01 657918                     /usr/lib/jvm/java-8-openjdk-amd64/jre/lib/amd64/libjawt.so
7fe0793b3000-7fe0793b4000 r--p 00000000 08:01 657918                     /usr/lib/jvm/java-8-openjdk-amd64/jre/lib/amd64/libjawt.so
7fe0793b4000-7fe0793b5000 rw-p 00001000 08:01 657918                     /usr/lib/jvm/java-8-openjdk-amd64/jre/lib/amd64/libjawt.so
7fe0793b5000-7fe0793b8000 ---p 00000000 00:00 0 
7fe0793b8000-7fe0794b6000 rw-p 00000000 00:00 0 
7fe0794b6000-7fe0794bb000 r-xp 00000000 08:01 144688                     /usr/lib/x86_64-linux-gnu/libXfixes.so.3.1.0
7fe0794bb000-7fe0796ba000 ---p 00005000 08:01 144688                     /usr/lib/x86_64-linux-gnu/libXfixes.so.3.1.0
7fe0796ba000-7fe0796bb000 r--p 00004000 08:01 144688                     /usr/lib/x86_64-linux-gnu/libXfixes.so.3.1.0
7fe0796bb000-7fe0796bc000 rw-p 00005000 08:01 144688                     /usr/lib/x86_64-linux-gnu/libXfixes.so.3.1.0
7fe0796bc000-7fe0796c5000 r-xp 00000000 08:01 144680                     /usr/lib/x86_64-linux-gnu/libXcursor.so.1.0.2
7fe0796c5000-7fe0798c4000 ---p 00009000 08:01 144680                     /usr/lib/x86_64-linux-gnu/libXcursor.so.1.0.2
7fe0798c4000-7fe0798c5000 r--p 00008000 08:01 144680                     /usr/lib/x86_64-linux-gnu/libXcursor.so.1.0.2
7fe0798c5000-7fe0798c6000 rw-p 00009000 08:01 144680                     /usr/lib/x86_64-linux-gnu/libXcursor.so.1.0.2
7fe0798c6000-7fe0798c9000 ---p 00000000 00:00 0 
7fe0798c9000-7fe0799c7000 rw-p 00000000 00:00 0 
7fe0799c7000-7fe0799eb000 r-xp 00000000 08:01 6737                       /lib/x86_64-linux-gnu/libpng12.so.0.54.0
7fe0799eb000-7fe079bea000 ---p 00024000 08:01 6737                       /lib/x86_64-linux-gnu/libpng12.so.0.54.0
7fe079bea000-7fe079beb000 r--p 00023000 08:01 6737                       /lib/x86_64-linux-gnu/libpng12.so.0.54.0
7fe079beb000-7fe079bec000 rw-p 00024000 08:01 6737                       /lib/x86_64-linux-gnu/libpng12.so.0.54.0
7fe079bec000-7fe079c90000 r-xp 00000000 08:01 145075                     /usr/lib/x86_64-linux-gnu/libfreetype.so.6.12.1
7fe079c90000-7fe079e8f000 ---p 000a4000 08:01 145075                     /usr/lib/x86_64-linux-gnu/libfreetype.so.6.12.1
7fe079e8f000-7fe079e95000 r--p 000a3000 08:01 145075                     /usr/lib/x86_64-linux-gnu/libfreetype.so.6.12.1
7fe079e95000-7fe079e96000 rw-p 000a9000 08:01 145075                     /usr/lib/x86_64-linux-gnu/libfreetype.so.6.12.1
7fe079e96000-7fe079ee8000 r-xp 00000000 08:01 657915                     /usr/lib/jvm/java-8-openjdk-amd64/jre/lib/amd64/libfontmanager.so
7fe079ee8000-7fe07a0e8000 ---p 00052000 08:01 657915                     /usr/lib/jvm/java-8-openjdk-amd64/jre/lib/amd64/libfontmanager.so
7fe07a0e8000-7fe07a0ea000 r--p 00052000 08:01 657915                     /usr/lib/jvm/java-8-openjdk-amd64/jre/lib/amd64/libfontmanager.so
7fe07a0ea000-7fe07a0eb000 rw-p 00054000 08:01 657915                     /usr/lib/jvm/java-8-openjdk-amd64/jre/lib/amd64/libfontmanager.so
7fe07a0eb000-7fe07a0f0000 r-xp 00000000 08:01 144684                     /usr/lib/x86_64-linux-gnu/libXdmcp.so.6.0.0
7fe07a0f0000-7fe07a2ef000 ---p 00005000 08:01 144684                     /usr/lib/x86_64-linux-gnu/libXdmcp.so.6.0.0
7fe07a2ef000-7fe07a2f0000 r--p 00004000 08:01 144684                     /usr/lib/x86_64-linux-gnu/libXdmcp.so.6.0.0
7fe07a2f0000-7fe07a2f1000 rw-p 00005000 08:01 144684                     /usr/lib/x86_64-linux-gnu/libXdmcp.so.6.0.0
7fe07a2f1000-7fe07a2f3000 r-xp 00000000 08:01 144673                     /usr/lib/x86_64-linux-gnu/libXau.so.6.0.0
7fe07a2f3000-7fe07a4f3000 ---p 00002000 08:01 144673                     /usr/lib/x86_64-linux-gnu/libXau.so.6.0.0
7fe07a4f3000-7fe07a4f4000 r--p 00002000 08:01 144673                     /usr/lib/x86_64-linux-gnu/libXau.so.6.0.0
7fe07a4f4000-7fe07a4f5000 rw-p 00003000 08:01 144673                     /usr/lib/x86_64-linux-gnu/libXau.so.6.0.0
7fe07a4f5000-7fe07a516000 r-xp 00000000 08:01 145893                     /usr/lib/x86_64-linux-gnu/libxcb.so.1.1.0
7fe07a516000-7fe07a715000 ---p 00021000 08:01 145893                     /usr/lib/x86_64-linux-gnu/libxcb.so.1.1.0
7fe07a715000-7fe07a716000 r--p 00020000 08:01 145893                     /usr/lib/x86_64-linux-gnu/libxcb.so.1.1.0
7fe07a716000-7fe07a717000 rw-p 00021000 08:01 145893                     /usr/lib/x86_64-linux-gnu/libxcb.so.1.1.0
7fe07a717000-7fe07a726000 r-xp 00000000 08:01 144694                     /usr/lib/x86_64-linux-gnu/libXi.so.6.1.0
7fe07a726000-7fe07a925000 ---p 0000f000 08:01 144694                     /usr/lib/x86_64-linux-gnu/libXi.so.6.1.0
7fe07a925000-7fe07a926000 r--p 0000e000 08:01 144694                     /usr/lib/x86_64-linux-gnu/libXi.so.6.1.0
7fe07a926000-7fe07a927000 rw-p 0000f000 08:01 144694                     /usr/lib/x86_64-linux-gnu/libXi.so.6.1.0
7fe07a927000-7fe07a92c000 r-xp 00000000 08:01 144712                     /usr/lib/x86_64-linux-gnu/libXtst.so.6.1.0
7fe07a92c000-7fe07ab2b000 ---p 000050